In file included from ../ext/bson.h:17:0,
                 from ../ext/bson.cc:35:
../node_modules/nan/nan.h:304:9: error: ‘FunctionCallback’ in namespace ‘v8’ does not name a type
 typedef v8::FunctionCallback NanFunctionCallback;
         ^
../node_modules/nan/nan.h: In function ‘v8::Local<v8::Signature> NanNew(v8::Handle<v8::FunctionTemplate>, int, v8::Handle<v8::FunctionTemplate>*)’:
../node_modules/nan/nan.h:337:64: error: no matching function for call to ‘v8::Signature::New(v8::Isolate*&, v8::Handle<v8::FunctionTemplate>&, int&, v8::Handle<v8::FunctionTemplate>*&)’
     return v8::Signature::New(nan_isolate, receiver, argc, argv);
                                                                ^
../node_modules/nan/nan.h:337:64: note: candidate is:
In file included from ../ext/bson.cc:14:0:
/home/cp/.node-gyp/0.11.2/deps/v8/include/v8.h:3210:27: note: static v8::Local<v8::Signature> v8::Signature::New(v8::Handle<v8::FunctionTemplate>, int, v8::Handle<v8::FunctionTemplate>*)
   static Local<Signature> New(Handle<FunctionTemplate> receiver =
                           ^
/home/cp/.node-gyp/0.11.2/deps/v8/include/v8.h:3210:27: note:   candidate expects 3 arguments, 4 provided
In file included from ../ext/bson.h:17:0,
                 from ../ext/bson.cc:35:
../node_modules/nan/nan.h: At global scope:
../node_modules/nan/nan.h:342:7: error: ‘NanNew’ declared as an ‘inline’ variable
       NanFunctionCallback callback
       ^
../node_modules/nan/nan.h:342:7: warning: ‘always_inline’ attribute ignored [-Wattributes]
../node_modules/nan/nan.h:342:7: error: template declaration of ‘v8::Local<v8::FunctionTemplate> NanNew’
../node_modules/nan/nan.h:342:7: error: ‘NanFunctionCallback’ was not declared in this scope
../node_modules/nan/nan.h:343:29: error: expected primary-expression before ‘data’
     , v8::Handle<v8::Value> data = v8::Handle<v8::Value>()
                             ^
../node_modules/nan/nan.h:344:33: error: expected primary-expression before ‘signature’
     , v8::Handle<v8::Signature> signature = v8::Handle<v8::Signature>()) {
                                 ^
../node_modules/nan/nan.h: In function ‘v8::Local<T> NanNew() [with T = v8::Array]’:
../node_modules/nan/nan.h:365:38: error: invalid conversion from ‘v8::Isolate*’ to ‘int’ [-fpermissive]
     return v8::Array::New(nan_isolate);
                                      ^
In file included from ../ext/bson.cc:14:0:
/home/cp/.node-gyp/0.11.2/deps/v8/include/v8.h:2239:23: error:   initializing argument 1 of ‘static v8::Local<v8::Array> v8::Array::New(int)’ [-fpermissive]
   static Local<Array> New(int length = 0);
                       ^
In file included from ../ext/bson.h:17:0,
                 from ../ext/bson.cc:35:
../node_modules/nan/nan.h: In function ‘v8::Local<T> NanNew(P) [with T = v8::Array; P = int]’:
../node_modules/nan/nan.h:370:46: error: no matching function for call to ‘v8::Array::New(v8::Isolate*&, int&)’
     return v8::Array::New(nan_isolate, length);
                                              ^
../node_modules/nan/nan.h:370:46: note: candidate is:
In file included from ../ext/bson.cc:14:0:
/home/cp/.node-gyp/0.11.2/deps/v8/include/v8.h:2239:23: note: static v8::Local<v8::Array> v8::Array::New(int)
   static Local<Array> New(int length = 0);
                       ^
/home/cp/.node-gyp/0.11.2/deps/v8/include/v8.h:2239:23: note:   candidate expects 1 argument, 2 provided
In file included from ../ext/bson.h:17:0,
                 from ../ext/bson.cc:35:
../node_modules/nan/nan.h: In function ‘v8::Local<T> NanNew(P) [with T = v8::Date; P = double]’:
../node_modules/nan/nan.h:375:43: error: no matching function for call to ‘v8::Date::New(v8::Isolate*&, double&)’
     return v8::Date::New(nan_isolate, time).As<v8::Date>();
                                           ^
../node_modules/nan/nan.h:375:43: note: candidate is:
In file included from ../ext/bson.cc:14:0:
/home/cp/.node-gyp/0.11.2/deps/v8/include/v8.h:2509:23: note: static v8::Local<v8::Value> v8::Date::New(double)
   static Local<Value> New(double time);
                       ^
/home/cp/.node-gyp/0.11.2/deps/v8/include/v8.h:2509:23: note:   candidate expects 1 argument, 2 provided
In file included from ../ext/bson.h:17:0,
                 from ../ext/bson.cc:35:
../node_modules/nan/nan.h:375:56: error: expected primary-expression before ‘>’ token
     return v8::Date::New(nan_isolate, time).As<v8::Date>();
                                                        ^
../node_modules/nan/nan.h:375:58: error: expected primary-expression before ‘)’ token
     return v8::Date::New(nan_isolate, time).As<v8::Date>();
                                                          ^
../node_modules/nan/nan.h: In function ‘v8::Local<T> NanNew(P) [with T = v8::Date; P = int]’:
../node_modules/nan/nan.h:380:43: error: no matching function for call to ‘v8::Date::New(v8::Isolate*&, int&)’
     return v8::Date::New(nan_isolate, time).As<v8::Date>();
                                           ^
../node_modules/nan/nan.h:380:43: note: candidate is:
In file included from ../ext/bson.cc:14:0:
/home/cp/.node-gyp/0.11.2/deps/v8/include/v8.h:2509:23: note: static v8::Local<v8::Value> v8::Date::New(double)
   static Local<Value> New(double time);
                       ^
/home/cp/.node-gyp/0.11.2/deps/v8/include/v8.h:2509:23: note:   candidate expects 1 argument, 2 provided
In file included from ../ext/bson.h:17:0,
                 from ../ext/bson.cc:35:
../node_modules/nan/nan.h:380:56: error: expected primary-expression before ‘>’ token
     return v8::Date::New(nan_isolate, time).As<v8::Date>();
                                                        ^
../node_modules/nan/nan.h:380:58: error: expected primary-expression before ‘)’ token
     return v8::Date::New(nan_isolate, time).As<v8::Date>();
                                                          ^
../node_modules/nan/nan.h: At global scope:
../node_modules/nan/nan.h:383:11: error: ‘UnboundScript’ in namespace ‘v8’ does not name a type
   typedef v8::UnboundScript NanUnboundScript;
           ^
../node_modules/nan/nan.h: In function ‘v8::Local<T> NanNew(P, const v8::ScriptOrigin&)’:
../node_modules/nan/nan.h:391:9: error: ‘v8::ScriptCompiler’ has not been declared
     v8::ScriptCompiler::Source source(s, origin);
         ^
../node_modules/nan/nan.h:391:32: error: expected ‘;’ before ‘source’
     v8::ScriptCompiler::Source source(s, origin);
                                ^
../node_modules/nan/nan.h:392:16: error: ‘v8::ScriptCompiler’ has not been declared
     return v8::ScriptCompiler::CompileUnbound(nan_isolate, &source);
                ^
../node_modules/nan/nan.h:392:61: error: ‘source’ was not declared in this scope
     return v8::ScriptCompiler::CompileUnbound(nan_isolate, &source);
                                                             ^
../node_modules/nan/nan.h: At global scope:
../node_modules/nan/nan.h:396:24: error: ‘NanUnboundScript’ was not declared in this scope
   NAN_INLINE v8::Local<NanUnboundScript> NanNew<NanUnboundScript>(
                        ^
../node_modules/nan/nan.h:396:40: error: template argument 1 is invalid
   NAN_INLINE v8::Local<NanUnboundScript> NanNew<NanUnboundScript>(
                                        ^
../node_modules/nan/nan.h:396:49: error: ‘NanUnboundScript’ was not declared in this scope
   NAN_INLINE v8::Local<NanUnboundScript> NanNew<NanUnboundScript>(
                                                 ^
../node_modules/nan/nan.h:396:42: error: template-id ‘NanNew<<expression error> >’ for ‘int NanNew(v8::Local<v8::String>)’ does not match any template declaration
   NAN_INLINE v8::Local<NanUnboundScript> NanNew<NanUnboundScript>(
                                          ^
../node_modules/nan/nan.h: In function ‘v8::Local<v8::String> NanNew(v8::String::ExternalStringResource*)’:
../node_modules/nan/nan.h:405:57: error: no matching function for call to ‘v8::String::NewExternal(v8::Isolate*&, v8::String::ExternalStringResource*&)’
     return v8::String::NewExternal(nan_isolate, resource);
                                                         ^
../node_modules/nan/nan.h:405:57: note: candidates are:
In file included from ../ext/bson.cc:14:0:
/home/cp/.node-gyp/0.11.2/deps/v8/include/v8.h:1701:24: note: static v8::Local<v8::String> v8::String::NewExternal(v8::String::ExternalStringResource*)
   static Local<String> NewExternal(ExternalStringResource* resource);
                        ^
/home/cp/.node-gyp/0.11.2/deps/v8/include/v8.h:1701:24: note:   candidate expects 1 argument, 2 provided
/home/cp/.node-gyp/0.11.2/deps/v8/include/v8.h:1722:24: note: static v8::Local<v8::String> v8::String::NewExternal(v8::String::ExternalAsciiStringResource*)
   static Local<String> NewExternal(ExternalAsciiStringResource* resource);
                        ^
/home/cp/.node-gyp/0.11.2/deps/v8/include/v8.h:1722:24: note:   candidate expects 1 argument, 2 provided
In file included from ../ext/bson.h:17:0,
                 from ../ext/bson.cc:35:
../node_modules/nan/nan.h: In function ‘v8::Local<v8::String> NanNew(v8::String::ExternalAsciiStringResource*)’:
../node_modules/nan/nan.h:410:57: error: no matching function for call to ‘v8::String::NewExternal(v8::Isolate*&, v8::String::ExternalAsciiStringResource*&)’
     return v8::String::NewExternal(nan_isolate, resource);
                                                         ^
../node_modules/nan/nan.h:410:57: note: candidates are:
In file included from ../ext/bson.cc:14:0:
/home/cp/.node-gyp/0.11.2/deps/v8/include/v8.h:1701:24: note: static v8::Local<v8::String> v8::String::NewExternal(v8::String::ExternalStringResource*)
   static Local<String> NewExternal(ExternalStringResource* resource);
                        ^
/home/cp/.node-gyp/0.11.2/deps/v8/include/v8.h:1701:24: note:   candidate expects 1 argument, 2 provided
/home/cp/.node-gyp/0.11.2/deps/v8/include/v8.h:1722:24: note: static v8::Local<v8::String> v8::String::NewExternal(v8::String::ExternalAsciiStringResource*)
   static Local<String> NewExternal(ExternalAsciiStringResource* resource);
                        ^
/home/cp/.node-gyp/0.11.2/deps/v8/include/v8.h:1722:24: note:   candidate expects 1 argument, 2 provided
In file included from ../ext/bson.h:17:0,
                 from ../ext/bson.cc:35:
../node_modules/nan/nan.h: In function ‘v8::Local<T> NanNew(P) [with T = v8::NumberObject; P = double]’:
../node_modules/nan/nan.h:434:50: error: no matching function for call to ‘v8::NumberObject::New(v8::Isolate*&, double&)’
     return v8::NumberObject::New(nan_isolate, val).As<v8::NumberObject>();
                                                  ^
../node_modules/nan/nan.h:434:50: note: candidate is:
In file included from ../ext/bson.cc:14:0:
/home/cp/.node-gyp/0.11.2/deps/v8/include/v8.h:2543:23: note: static v8::Local<v8::Value> v8::NumberObject::New(double)
   static Local<Value> New(double value);
                       ^
/home/cp/.node-gyp/0.11.2/deps/v8/include/v8.h:2543:23: note:   candidate expects 1 argument, 2 provided
In file included from ../ext/bson.h:17:0,
                 from ../ext/bson.cc:35:
../node_modules/nan/nan.h:434:71: error: expected primary-expression before ‘>’ token
     return v8::NumberObject::New(nan_isolate, val).As<v8::NumberObject>();
                                                                       ^
../node_modules/nan/nan.h:434:73: error: expected primary-expression before ‘)’ token
     return v8::NumberObject::New(nan_isolate, val).As<v8::NumberObject>();
                                                                         ^
../node_modules/nan/nan.h: In function ‘v8::Local<T> NanNew(P) [with T = v8::Uint32; P = int]’:
../node_modules/nan/nan.h:463:56: error: invalid conversion from ‘v8::Isolate*’ to ‘uint32_t {aka unsigned int}’ [-fpermissive]
     return v8::Uint32::NewFromUnsigned(nan_isolate, val)->ToUint32();
                                                        ^
In file included from ../ext/bson.cc:14:0:
/home/cp/.node-gyp/0.11.2/deps/v8/include/v8.h:1871:25: error:   initializing argument 1 of ‘static v8::Local<v8::Integer> v8::Integer::NewFromUnsigned(uint32_t, v8::Isolate*)’ [-fpermissive]
   static Local<Integer> NewFromUnsigned(uint32_t value, Isolate*);
                         ^
In file included from ../ext/bson.h:17:0,
                 from ../ext/bson.cc:35:
../node_modules/nan/nan.h:463:56: error: invalid conversion from ‘int32_t {aka int}’ to ‘v8::Isolate*’ [-fpermissive]
     return v8::Uint32::NewFromUnsigned(nan_isolate, val)->ToUint32();
                                                        ^
In file included from ../ext/bson.cc:14:0:
/home/cp/.node-gyp/0.11.2/deps/v8/include/v8.h:1871:25: error:   initializing argument 2 of ‘static v8::Local<v8::Integer> v8::Integer::NewFromUnsigned(uint32_t, v8::Isolate*)’ [-fpermissive]
   static Local<Integer> NewFromUnsigned(uint32_t value, Isolate*);
                         ^
In file included from ../ext/bson.h:17:0,
                 from ../ext/bson.cc:35:
../node_modules/nan/nan.h: In function ‘v8::Local<T> NanNew(P) [with T = v8::Uint32; P = unsigned int]’:
../node_modules/nan/nan.h:468:56: error: invalid conversion from ‘v8::Isolate*’ to ‘uint32_t {aka unsigned int}’ [-fpermissive]
     return v8::Uint32::NewFromUnsigned(nan_isolate, val)->ToUint32();
                                                        ^
In file included from ../ext/bson.cc:14:0:
/home/cp/.node-gyp/0.11.2/deps/v8/include/v8.h:1871:25: error:   initializing argument 1 of ‘static v8::Local<v8::Integer> v8::Integer::NewFromUnsigned(uint32_t, v8::Isolate*)’ [-fpermissive]
   static Local<Integer> NewFromUnsigned(uint32_t value, Isolate*);
                         ^
In file included from ../ext/bson.h:17:0,
                 from ../ext/bson.cc:35:
../node_modules/nan/nan.h:468:56: error: invalid conversion from ‘uint32_t {aka unsigned int}’ to ‘v8::Isolate*’ [-fpermissive]
     return v8::Uint32::NewFromUnsigned(nan_isolate, val)->ToUint32();
                                                        ^
In file included from ../ext/bson.cc:14:0:
/home/cp/.node-gyp/0.11.2/deps/v8/include/v8.h:1871:25: error:   initializing argument 2 of ‘static v8::Local<v8::Integer> v8::Integer::NewFromUnsigned(uint32_t, v8::Isolate*)’ [-fpermissive]
   static Local<Integer> NewFromUnsigned(uint32_t value, Isolate*);
                         ^
In file included from ../ext/bson.h:17:0,
                 from ../ext/bson.cc:35:
../node_modules/nan/nan.h: In function ‘v8::Local<T> NanNew(P) [with T = v8::Int32; P = int]’:
../node_modules/nan/nan.h:473:43: error: invalid conversion from ‘v8::Isolate*’ to ‘int32_t {aka int}’ [-fpermissive]
     return v8::Int32::New(nan_isolate, val)->ToInt32();
                                           ^
In file included from ../ext/bson.cc:14:0:
/home/cp/.node-gyp/0.11.2/deps/v8/include/v8.h:1870:25: error:   initializing argument 1 of ‘static v8::Local<v8::Integer> v8::Integer::New(int32_t, v8::Isolate*)’ [-fpermissive]
   static Local<Integer> New(int32_t value, Isolate*);
                         ^
In file included from ../ext/bson.h:17:0,
                 from ../ext/bson.cc:35:
../node_modules/nan/nan.h:473:43: error: invalid conversion from ‘int32_t {aka int}’ to ‘v8::Isolate*’ [-fpermissive]
     return v8::Int32::New(nan_isolate, val)->ToInt32();
                                           ^
In file included from ../ext/bson.cc:14:0:
/home/cp/.node-gyp/0.11.2/deps/v8/include/v8.h:1870:25: error:   initializing argument 2 of ‘static v8::Local<v8::Integer> v8::Integer::New(int32_t, v8::Isolate*)’ [-fpermissive]
   static Local<Integer> New(int32_t value, Isolate*);
                         ^
In file included from ../ext/bson.h:17:0,
                 from ../ext/bson.cc:35:
../node_modules/nan/nan.h: In function ‘v8::Local<T> NanNew(P) [with T = v8::Int32; P = unsigned int]’:
../node_modules/nan/nan.h:478:43: error: invalid conversion from ‘v8::Isolate*’ to ‘int32_t {aka int}’ [-fpermissive]
     return v8::Int32::New(nan_isolate, val)->ToInt32();
                                           ^
In file included from ../ext/bson.cc:14:0:
/home/cp/.node-gyp/0.11.2/deps/v8/include/v8.h:1870:25: error:   initializing argument 1 of ‘static v8::Local<v8::Integer> v8::Integer::New(int32_t, v8::Isolate*)’ [-fpermissive]
   static Local<Integer> New(int32_t value, Isolate*);
                         ^
In file included from ../ext/bson.h:17:0,
                 from ../ext/bson.cc:35:
../node_modules/nan/nan.h:478:43: error: invalid conversion from ‘uint32_t {aka unsigned int}’ to ‘v8::Isolate*’ [-fpermissive]
     return v8::Int32::New(nan_isolate, val)->ToInt32();
                                           ^
In file included from ../ext/bson.cc:14:0:
/home/cp/.node-gyp/0.11.2/deps/v8/include/v8.h:1870:25: error:   initializing argument 2 of ‘static v8::Local<v8::Integer> v8::Integer::New(int32_t, v8::Isolate*)’ [-fpermissive]
   static Local<Integer> New(int32_t value, Isolate*);
                         ^
In file included from ../ext/bson.h:17:0,
                 from ../ext/bson.cc:35:
../node_modules/nan/nan.h: At global scope:
../node_modules/nan/nan.h:586:20: error: variable or field ‘NanAddGCEpilogueCallback’ declared void
       v8::Isolate::GCEpilogueCallback callback
                    ^
../node_modules/nan/nan.h:586:7: error: ‘GCEpilogueCallback’ is not a member of ‘v8::Isolate’
       v8::Isolate::GCEpilogueCallback callback
       ^
../node_modules/nan/nan.h:587:18: error: expected primary-expression before ‘gc_type_filter’
     , v8::GCType gc_type_filter = v8::kGCTypeAll) {
                  ^
../node_modules/nan/nan.h:592:20: error: variable or field ‘NanRemoveGCEpilogueCallback’ declared void
       v8::Isolate::GCEpilogueCallback callback) {
                    ^
../node_modules/nan/nan.h:592:7: error: ‘GCEpilogueCallback’ is not a member of ‘v8::Isolate’
       v8::Isolate::GCEpilogueCallback callback) {
       ^
../node_modules/nan/nan.h:597:20: error: variable or field ‘NanAddGCPrologueCallback’ declared void
       v8::Isolate::GCPrologueCallback callback
                    ^
../node_modules/nan/nan.h:597:7: error: ‘GCPrologueCallback’ is not a member of ‘v8::Isolate’
       v8::Isolate::GCPrologueCallback callback
       ^
../node_modules/nan/nan.h:598:18: error: expected primary-expression before ‘gc_type_filter’
     , v8::GCType gc_type_filter = v8::kGCTypeAll) {
                  ^
../node_modules/nan/nan.h:603:20: error: variable or field ‘NanRemoveGCPrologueCallback’ declared void
       v8::Isolate::GCPrologueCallback callback) {
                    ^
../node_modules/nan/nan.h:603:7: error: ‘GCPrologueCallback’ is not a member of ‘v8::Isolate’
       v8::Isolate::GCPrologueCallback callback) {
       ^
../node_modules/nan/nan.h:631:13: error: ‘WeakCallbackData’ in namespace ‘v8’ does not name a type
       const v8::WeakCallbackData<T, _NanWeakCallbackInfo<T, P> >& data);
             ^
../node_modules/nan/nan.h:631:17: error: ISO C++ forbids declaration of ‘parameter’ with no type [-fpermissive]
       const v8::WeakCallbackData<T, _NanWeakCallbackInfo<T, P> >& data);
                 ^
../node_modules/nan/nan.h:631:33: error: expected ‘,’ or ‘...’ before ‘<’ token
       const v8::WeakCallbackData<T, _NanWeakCallbackInfo<T, P> >& data);
                                 ^
../node_modules/nan/nan.h: In function ‘void NanThrowError(const char*)’:
../node_modules/nan/nan.h:709:20: error: ‘class v8::Isolate’ has no member named ‘ThrowException’
       nan_isolate->ThrowException(_NAN_ERROR(fun, errmsg));                    \
                    ^
../node_modules/nan/nan.h:717:5: note: in expansion of macro ‘_NAN_THROW_ERROR’
     _NAN_THROW_ERROR(v8::Exception::Error, errmsg);
     ^
../node_modules/nan/nan.h: In function ‘void NanThrowError(v8::Handle<v8::Value>)’:
../node_modules/nan/nan.h:722:18: error: ‘class v8::Isolate’ has no member named ‘ThrowException’
     nan_isolate->ThrowException(error);
                  ^
../node_modules/nan/nan.h: In function ‘void NanThrowTypeError(const char*)’:
../node_modules/nan/nan.h:709:20: error: ‘class v8::Isolate’ has no member named ‘ThrowException’
       nan_isolate->ThrowException(_NAN_ERROR(fun, errmsg));                    \
                    ^
../node_modules/nan/nan.h:747:5: note: in expansion of macro ‘_NAN_THROW_ERROR’
     _NAN_THROW_ERROR(v8::Exception::TypeError, errmsg);
     ^
../node_modules/nan/nan.h: In function ‘void NanThrowRangeError(const char*)’:
../node_modules/nan/nan.h:709:20: error: ‘class v8::Isolate’ has no member named ‘ThrowException’
       nan_isolate->ThrowException(_NAN_ERROR(fun, errmsg));                    \
                    ^
../node_modules/nan/nan.h:755:5: note: in expansion of macro ‘_NAN_THROW_ERROR’
     _NAN_THROW_ERROR(v8::Exception::RangeError, errmsg);
     ^
../node_modules/nan/nan.h: At global scope:
../node_modules/nan/nan.h:767:13: error: ‘node::smalloc’ has not been declared
     , node::smalloc::FreeCallback callback
             ^
../node_modules/nan/nan.h:767:35: error: expected ‘,’ or ‘...’ before ‘callback’
     , node::smalloc::FreeCallback callback
                                   ^
../node_modules/nan/nan.h: In function ‘v8::Local<v8::Object> NanNewBufferHandle(char*, size_t, int)’:
../node_modules/nan/nan.h:770:57: error: ‘callback’ was not declared in this scope
     return node::Buffer::New(nan_isolate, data, length, callback, hint);
                                                         ^
../node_modules/nan/nan.h:770:67: error: ‘hint’ was not declared in this scope
     return node::Buffer::New(nan_isolate, data, length, callback, hint);
                                                                   ^
../node_modules/nan/nan.h: In function ‘v8::Local<v8::Object> NanNewBufferHandle(const char*, uint32_t)’:
../node_modules/nan/nan.h:777:53: error: no matching function for call to ‘node::Buffer::New(v8::Isolate*&, const char*&, uint32_t&)’
     return node::Buffer::New(nan_isolate, data, size);
                                                     ^
../node_modules/nan/nan.h:777:53: note: candidates are:
In file included from ../ext/bson.cc:24:0:
/home/cp/.node-gyp/0.11.2/src/node_buffer.h:102:33: note: static v8::Handle<v8::Object> node::Buffer::New(v8::Handle<v8::String>)
   static v8::Handle<v8::Object> New(v8::Handle<v8::String> string);
                                 ^
/home/cp/.node-gyp/0.11.2/src/node_buffer.h:102:33: note:   candidate expects 1 argument, 3 provided
/home/cp/.node-gyp/0.11.2/src/node_buffer.h:107:18: note: static node::Buffer* node::Buffer::New(size_t)
   static Buffer* New(size_t length);
                  ^
/home/cp/.node-gyp/0.11.2/src/node_buffer.h:107:18: note:   candidate expects 1 argument, 3 provided
/home/cp/.node-gyp/0.11.2/src/node_buffer.h:109:18: note: static node::Buffer* node::Buffer::New(const char*, size_t)
   static Buffer* New(const char *data, size_t len);
                  ^
/home/cp/.node-gyp/0.11.2/src/node_buffer.h:109:18: note:   candidate expects 2 arguments, 3 provided
/home/cp/.node-gyp/0.11.2/src/node_buffer.h:111:18: note: static node::Buffer* node::Buffer::New(char*, size_t, node::Buffer::free_callback, void*)
   static Buffer* New(char *data, size_t length,
                  ^
/home/cp/.node-gyp/0.11.2/src/node_buffer.h:111:18: note:   candidate expects 4 arguments, 3 provided
/home/cp/.node-gyp/0.11.2/src/node_buffer.h:115:32: note: static v8::Handle<v8::Value> node::Buffer::New(const v8::Arguments&)
   static v8::Handle<v8::Value> New(const v8::Arguments &args);
                                ^
/home/cp/.node-gyp/0.11.2/src/node_buffer.h:115:32: note:   candidate expects 1 argument, 3 provided
In file included from ../ext/bson.h:17:0,
                 from ../ext/bson.cc:35:
../node_modules/nan/nan.h: In function ‘v8::Local<v8::Object> NanNewBufferHandle(uint32_t)’:
../node_modules/nan/nan.h:781:47: error: no matching function for call to ‘node::Buffer::New(v8::Isolate*&, uint32_t&)’
     return node::Buffer::New(nan_isolate, size);
                                               ^
../node_modules/nan/nan.h:781:47: note: candidates are:
In file included from ../ext/bson.cc:24:0:
/home/cp/.node-gyp/0.11.2/src/node_buffer.h:102:33: note: static v8::Handle<v8::Object> node::Buffer::New(v8::Handle<v8::String>)
   static v8::Handle<v8::Object> New(v8::Handle<v8::String> string);
                                 ^
/home/cp/.node-gyp/0.11.2/src/node_buffer.h:102:33: note:   candidate expects 1 argument, 2 provided
/home/cp/.node-gyp/0.11.2/src/node_buffer.h:107:18: note: static node::Buffer* node::Buffer::New(size_t)
   static Buffer* New(size_t length);
                  ^
/home/cp/.node-gyp/0.11.2/src/node_buffer.h:107:18: note:   candidate expects 1 argument, 2 provided
/home/cp/.node-gyp/0.11.2/src/node_buffer.h:109:18: note: static node::Buffer* node::Buffer::New(const char*, size_t)
   static Buffer* New(const char *data, size_t len);
                  ^
/home/cp/.node-gyp/0.11.2/src/node_buffer.h:109:18: note:   no known conversion for argument 1 from ‘v8::Isolate*’ to ‘const char*’
/home/cp/.node-gyp/0.11.2/src/node_buffer.h:111:18: note: static node::Buffer* node::Buffer::New(char*, size_t, node::Buffer::free_callback, void*)
   static Buffer* New(char *data, size_t length,
                  ^
/home/cp/.node-gyp/0.11.2/src/node_buffer.h:111:18: note:   candidate expects 4 arguments, 2 provided
/home/cp/.node-gyp/0.11.2/src/node_buffer.h:115:32: note: static v8::Handle<v8::Value> node::Buffer::New(const v8::Arguments&)
   static v8::Handle<v8::Value> New(const v8::Arguments &args);
                                ^
/home/cp/.node-gyp/0.11.2/src/node_buffer.h:115:32: note:   candidate expects 1 argument, 2 provided
In file included from ../ext/bson.h:17:0,
                 from ../ext/bson.cc:35:
../node_modules/nan/nan.h: In function ‘v8::Local<v8::Object> NanBufferUse(char*, uint32_t)’:
../node_modules/nan/nan.h:788:12: error: ‘Use’ is not a member of ‘node::Buffer’
     return node::Buffer::Use(nan_isolate, data, size);
            ^
../node_modules/nan/nan.h: In function ‘v8::Local<v8::Script> NanCompileScript(v8::Local<v8::String>, const v8::ScriptOrigin&)’:
../node_modules/nan/nan.h:813:9: error: ‘v8::ScriptCompiler’ has not been declared
     v8::ScriptCompiler::Source source(s, origin);
         ^
../node_modules/nan/nan.h:813:32: error: expected ‘;’ before ‘source’
     v8::ScriptCompiler::Source source(s, origin);
                                ^
../node_modules/nan/nan.h:814:16: error: ‘v8::ScriptCompiler’ has not been declared
     return v8::ScriptCompiler::Compile(nan_isolate, &source);
                ^
../node_modules/nan/nan.h:814:54: error: ‘source’ was not declared in this scope
     return v8::ScriptCompiler::Compile(nan_isolate, &source);
                                                      ^
../node_modules/nan/nan.h: In function ‘v8::Local<v8::Script> NanCompileScript(v8::Local<v8::String>)’:
../node_modules/nan/nan.h:820:9: error: ‘v8::ScriptCompiler’ has not been declared
     v8::ScriptCompiler::Source source(s);
         ^
../node_modules/nan/nan.h:820:32: error: expected ‘;’ before ‘source’
     v8::ScriptCompiler::Source source(s);
                                ^
../node_modules/nan/nan.h:821:16: error: ‘v8::ScriptCompiler’ has not been declared
     return v8::ScriptCompiler::Compile(nan_isolate, &source);
                ^
../node_modules/nan/nan.h:821:54: error: ‘source’ was not declared in this scope
     return v8::ScriptCompiler::Compile(nan_isolate, &source);
                                                      ^
../node_modules/nan/nan.h: At global scope:
../node_modules/nan/nan.h:825:17: error: ‘NanUnboundScript’ was not declared in this scope
       v8::Local<NanUnboundScript> script
                 ^
../node_modules/nan/nan.h:825:33: error: template argument 1 is invalid
       v8::Local<NanUnboundScript> script
                                 ^
../node_modules/nan/nan.h: In function ‘v8::Local<v8::Value> NanRunScript(int)’:
../node_modules/nan/nan.h:827:18: error: base operand of ‘->’ is not a pointer
     return script->BindToCurrentContext()->Run();
                  ^
../node_modules/nan/nan.h: In member function ‘void NanCallback::Call(int, v8::Handle<v8::Value>*)’:
../node_modules/nan/nan.h:1476:5: error: no matching function for call to ‘MakeCallback(v8::Isolate*&, v8::Local<v8::Object>, v8::Local<v8::Function>&, int&, v8::Handle<v8::Value>*&)’
     );
     ^
../node_modules/nan/nan.h:1476:5: note: candidates are:
In file included from ../ext/bson.cc:22:0:
/home/cp/.node-gyp/0.11.2/src/node.h:245:1: note: v8::Handle<v8::Value> node::MakeCallback(v8::Handle<v8::Object>, const char*, int, v8::Handle<v8::Value>*)
 MakeCallback(const v8::Handle<v8::Object> object,
 ^
/home/cp/.node-gyp/0.11.2/src/node.h:245:1: note:   candidate expects 4 arguments, 5 provided
/home/cp/.node-gyp/0.11.2/src/node.h:251:1: note: v8::Handle<v8::Value> node::MakeCallback(v8::Handle<v8::Object>, v8::Handle<v8::String>, int, v8::Handle<v8::Value>*)
 MakeCallback(const v8::Handle<v8::Object> object,
 ^
/home/cp/.node-gyp/0.11.2/src/node.h:251:1: note:   candidate expects 4 arguments, 5 provided
/home/cp/.node-gyp/0.11.2/src/node.h:257:1: note: v8::Handle<v8::Value> node::MakeCallback(v8::Handle<v8::Object>, v8::Handle<v8::Function>, int, v8::Handle<v8::Value>*)
 MakeCallback(const v8::Handle<v8::Object> object,
 ^
/home/cp/.node-gyp/0.11.2/src/node.h:257:1: note:   candidate expects 4 arguments, 5 provided
In file included from ../ext/bson.h:17:0,
                 from ../ext/bson.cc:35:
../node_modules/nan/nan.h: In member function ‘v8::Local<v8::Object> NanAsyncWorker::GetFromPersistent(const char*)’:
../node_modules/nan/nan.h:683:30: error: ‘EscapableHandleScope’ is not a member of ‘v8’
 # define NanEscapableScope() v8::EscapableHandleScope scope(nan_isolate)
                              ^
../node_modules/nan/nan.h:1536:5: note: in expansion of macro ‘NanEscapableScope’
     NanEscapableScope();
     ^
../node_modules/nan/nan.h:683:55: error: expected ‘;’ before ‘scope’
 # define NanEscapableScope() v8::EscapableHandleScope scope(nan_isolate)
                                                       ^
../node_modules/nan/nan.h:1536:5: note: in expansion of macro ‘NanEscapableScope’
     NanEscapableScope();
     ^
../node_modules/nan/nan.h:684:30: error: ‘scope’ was not declared in this scope
 # define NanEscapeScope(val) scope.Escape(val)
                              ^
../node_modules/nan/nan.h:1538:12: note: in expansion of macro ‘NanEscapeScope’
     return NanEscapeScope(handle->Get(NanSymbol(key)).As<v8::Object>());
            ^
../ext/bson.h: At global scope:
../node_modules/nan/nan.h:241:38: error: ‘FunctionCallbackInfo’ in namespace ‘v8’ does not name a type
 # define _NAN_METHOD_ARGS_TYPE const v8::FunctionCallbackInfo<v8::Value>&
                                      ^
../node_modules/nan/nan.h:242:27: note: in expansion of macro ‘_NAN_METHOD_ARGS_TYPE’
 # define _NAN_METHOD_ARGS _NAN_METHOD_ARGS_TYPE args
                           ^
../node_modules/nan/nan.h:1390:55: note: in expansion of macro ‘_NAN_METHOD_ARGS’
 #define NAN_METHOD(name) _NAN_METHOD_RETURN_TYPE name(_NAN_METHOD_ARGS)
                                                       ^
../ext/bson.h:57:16: note: in expansion of macro ‘NAN_METHOD’
         static NAN_METHOD(BSONDeserializeStream);
                ^
../node_modules/nan/nan.h:241:42: error: ISO C++ forbids declaration of ‘parameter’ with no type [-fpermissive]
 # define _NAN_METHOD_ARGS_TYPE const v8::FunctionCallbackInfo<v8::Value>&
                                          ^
../node_modules/nan/nan.h:242:27: note: in expansion of macro ‘_NAN_METHOD_ARGS_TYPE’
 # define _NAN_METHOD_ARGS _NAN_METHOD_ARGS_TYPE args
                           ^
../node_modules/nan/nan.h:1390:55: note: in expansion of macro ‘_NAN_METHOD_ARGS’
 #define NAN_METHOD(name) _NAN_METHOD_RETURN_TYPE name(_NAN_METHOD_ARGS)
                                                       ^
../ext/bson.h:57:16: note: in expansion of macro ‘NAN_METHOD’
         static NAN_METHOD(BSONDeserializeStream);
                ^
../node_modules/nan/nan.h:241:62: error: expected ‘,’ or ‘...’ before ‘<’ token
 # define _NAN_METHOD_ARGS_TYPE const v8::FunctionCallbackInfo<v8::Value>&
                                                              ^
../node_modules/nan/nan.h:242:27: note: in expansion of macro ‘_NAN_METHOD_ARGS_TYPE’
 # define _NAN_METHOD_ARGS _NAN_METHOD_ARGS_TYPE args
                           ^
../node_modules/nan/nan.h:1390:55: note: in expansion of macro ‘_NAN_METHOD_ARGS’
 #define NAN_METHOD(name) _NAN_METHOD_RETURN_TYPE name(_NAN_METHOD_ARGS)
                                                       ^
../ext/bson.h:57:16: note: in expansion of macro ‘NAN_METHOD’
         static NAN_METHOD(BSONDeserializeStream);
                ^
../node_modules/nan/nan.h:241:38: error: ‘FunctionCallbackInfo’ in namespace ‘v8’ does not name a type
 # define _NAN_METHOD_ARGS_TYPE const v8::FunctionCallbackInfo<v8::Value>&
                                      ^
../node_modules/nan/nan.h:242:27: note: in expansion of macro ‘_NAN_METHOD_ARGS_TYPE’
 # define _NAN_METHOD_ARGS _NAN_METHOD_ARGS_TYPE args
                           ^
../node_modules/nan/nan.h:1390:55: note: in expansion of macro ‘_NAN_METHOD_ARGS’
 #define NAN_METHOD(name) _NAN_METHOD_RETURN_TYPE name(_NAN_METHOD_ARGS)
                                                       ^
../ext/bson.h:60:9: note: in expansion of macro ‘NAN_METHOD’
  static NAN_METHOD(BSONSerialize);
         ^
../node_modules/nan/nan.h:241:42: error: ISO C++ forbids declaration of ‘parameter’ with no type [-fpermissive]
 # define _NAN_METHOD_ARGS_TYPE const v8::FunctionCallbackInfo<v8::Value>&
                                          ^
../node_modules/nan/nan.h:242:27: note: in expansion of macro ‘_NAN_METHOD_ARGS_TYPE’
 # define _NAN_METHOD_ARGS _NAN_METHOD_ARGS_TYPE args
                           ^
../node_modules/nan/nan.h:1390:55: note: in expansion of macro ‘_NAN_METHOD_ARGS’
 #define NAN_METHOD(name) _NAN_METHOD_RETURN_TYPE name(_NAN_METHOD_ARGS)
                                                       ^
../ext/bson.h:60:9: note: in expansion of macro ‘NAN_METHOD’
  static NAN_METHOD(BSONSerialize);
         ^
../node_modules/nan/nan.h:241:62: error: expected ‘,’ or ‘...’ before ‘<’ token
 # define _NAN_METHOD_ARGS_TYPE const v8::FunctionCallbackInfo<v8::Value>&
                                                              ^
../node_modules/nan/nan.h:242:27: note: in expansion of macro ‘_NAN_METHOD_ARGS_TYPE’
 # define _NAN_METHOD_ARGS _NAN_METHOD_ARGS_TYPE args
                           ^
../node_modules/nan/nan.h:1390:55: note: in expansion of macro ‘_NAN_METHOD_ARGS’
 #define NAN_METHOD(name) _NAN_METHOD_RETURN_TYPE name(_NAN_METHOD_ARGS)
                                                       ^
../ext/bson.h:60:9: note: in expansion of macro ‘NAN_METHOD’
  static NAN_METHOD(BSONSerialize);
         ^
../node_modules/nan/nan.h:241:38: error: ‘FunctionCallbackInfo’ in namespace ‘v8’ does not name a type
 # define _NAN_METHOD_ARGS_TYPE const v8::FunctionCallbackInfo<v8::Value>&
                                      ^
../node_modules/nan/nan.h:242:27: note: in expansion of macro ‘_NAN_METHOD_ARGS_TYPE’
 # define _NAN_METHOD_ARGS _NAN_METHOD_ARGS_TYPE args
                           ^
../node_modules/nan/nan.h:1390:55: note: in expansion of macro ‘_NAN_METHOD_ARGS’
 #define NAN_METHOD(name) _NAN_METHOD_RETURN_TYPE name(_NAN_METHOD_ARGS)
                                                       ^
../ext/bson.h:61:9: note: in expansion of macro ‘NAN_METHOD’
  static NAN_METHOD(BSONDeserialize);
         ^
../node_modules/nan/nan.h:241:42: error: ISO C++ forbids declaration of ‘parameter’ with no type [-fpermissive]
 # define _NAN_METHOD_ARGS_TYPE const v8::FunctionCallbackInfo<v8::Value>&
                                          ^
../node_modules/nan/nan.h:242:27: note: in expansion of macro ‘_NAN_METHOD_ARGS_TYPE’
 # define _NAN_METHOD_ARGS _NAN_METHOD_ARGS_TYPE args
                           ^
../node_modules/nan/nan.h:1390:55: note: in expansion of macro ‘_NAN_METHOD_ARGS’
 #define NAN_METHOD(name) _NAN_METHOD_RETURN_TYPE name(_NAN_METHOD_ARGS)
                                                       ^
../ext/bson.h:61:9: note: in expansion of macro ‘NAN_METHOD’
  static NAN_METHOD(BSONDeserialize);
         ^
../node_modules/nan/nan.h:241:62: error: expected ‘,’ or ‘...’ before ‘<’ token
 # define _NAN_METHOD_ARGS_TYPE const v8::FunctionCallbackInfo<v8::Value>&
                                                              ^
../node_modules/nan/nan.h:242:27: note: in expansion of macro ‘_NAN_METHOD_ARGS_TYPE’
 # define _NAN_METHOD_ARGS _NAN_METHOD_ARGS_TYPE args
                           ^
../node_modules/nan/nan.h:1390:55: note: in expansion of macro ‘_NAN_METHOD_ARGS’
 #define NAN_METHOD(name) _NAN_METHOD_RETURN_TYPE name(_NAN_METHOD_ARGS)
                                                       ^
../ext/bson.h:61:9: note: in expansion of macro ‘NAN_METHOD’
  static NAN_METHOD(BSONDeserialize);
         ^
../node_modules/nan/nan.h:241:38: error: ‘FunctionCallbackInfo’ in namespace ‘v8’ does not name a type
 # define _NAN_METHOD_ARGS_TYPE const v8::FunctionCallbackInfo<v8::Value>&
                                      ^
../node_modules/nan/nan.h:242:27: note: in expansion of macro ‘_NAN_METHOD_ARGS_TYPE’
 # define _NAN_METHOD_ARGS _NAN_METHOD_ARGS_TYPE args
                           ^
../node_modules/nan/nan.h:1390:55: note: in expansion of macro ‘_NAN_METHOD_ARGS’
 #define NAN_METHOD(name) _NAN_METHOD_RETURN_TYPE name(_NAN_METHOD_ARGS)
                                                       ^
../ext/bson.h:64:9: note: in expansion of macro ‘NAN_METHOD’
  static NAN_METHOD(CalculateObjectSize);
         ^
../node_modules/nan/nan.h:241:42: error: ISO C++ forbids declaration of ‘parameter’ with no type [-fpermissive]
 # define _NAN_METHOD_ARGS_TYPE const v8::FunctionCallbackInfo<v8::Value>&
                                          ^
../node_modules/nan/nan.h:242:27: note: in expansion of macro ‘_NAN_METHOD_ARGS_TYPE’
 # define _NAN_METHOD_ARGS _NAN_METHOD_ARGS_TYPE args
                           ^
../node_modules/nan/nan.h:1390:55: note: in expansion of macro ‘_NAN_METHOD_ARGS’
 #define NAN_METHOD(name) _NAN_METHOD_RETURN_TYPE name(_NAN_METHOD_ARGS)
                                                       ^
../ext/bson.h:64:9: note: in expansion of macro ‘NAN_METHOD’
  static NAN_METHOD(CalculateObjectSize);
         ^
../node_modules/nan/nan.h:241:62: error: expected ‘,’ or ‘...’ before ‘<’ token
 # define _NAN_METHOD_ARGS_TYPE const v8::FunctionCallbackInfo<v8::Value>&
                                                              ^
../node_modules/nan/nan.h:242:27: note: in expansion of macro ‘_NAN_METHOD_ARGS_TYPE’
 # define _NAN_METHOD_ARGS _NAN_METHOD_ARGS_TYPE args
                           ^
../node_modules/nan/nan.h:1390:55: note: in expansion of macro ‘_NAN_METHOD_ARGS’
 #define NAN_METHOD(name) _NAN_METHOD_RETURN_TYPE name(_NAN_METHOD_ARGS)
                                                       ^
../ext/bson.h:64:9: note: in expansion of macro ‘NAN_METHOD’
  static NAN_METHOD(CalculateObjectSize);
         ^
../node_modules/nan/nan.h:241:38: error: ‘FunctionCallbackInfo’ in namespace ‘v8’ does not name a type
 # define _NAN_METHOD_ARGS_TYPE const v8::FunctionCallbackInfo<v8::Value>&
                                      ^
../node_modules/nan/nan.h:242:27: note: in expansion of macro ‘_NAN_METHOD_ARGS_TYPE’
 # define _NAN_METHOD_ARGS _NAN_METHOD_ARGS_TYPE args
                           ^
../node_modules/nan/nan.h:1390:55: note: in expansion of macro ‘_NAN_METHOD_ARGS’
 #define NAN_METHOD(name) _NAN_METHOD_RETURN_TYPE name(_NAN_METHOD_ARGS)
                                                       ^
../ext/bson.h:65:9: note: in expansion of macro ‘NAN_METHOD’
  static NAN_METHOD(SerializeWithBufferAndIndex);
         ^
../node_modules/nan/nan.h:241:42: error: ISO C++ forbids declaration of ‘parameter’ with no type [-fpermissive]
 # define _NAN_METHOD_ARGS_TYPE const v8::FunctionCallbackInfo<v8::Value>&
                                          ^
../node_modules/nan/nan.h:242:27: note: in expansion of macro ‘_NAN_METHOD_ARGS_TYPE’
 # define _NAN_METHOD_ARGS _NAN_METHOD_ARGS_TYPE args
                           ^
../node_modules/nan/nan.h:1390:55: note: in expansion of macro ‘_NAN_METHOD_ARGS’
 #define NAN_METHOD(name) _NAN_METHOD_RETURN_TYPE name(_NAN_METHOD_ARGS)
                                                       ^
../ext/bson.h:65:9: note: in expansion of macro ‘NAN_METHOD’
  static NAN_METHOD(SerializeWithBufferAndIndex);
         ^
../node_modules/nan/nan.h:241:62: error: expected ‘,’ or ‘...’ before ‘<’ token
 # define _NAN_METHOD_ARGS_TYPE const v8::FunctionCallbackInfo<v8::Value>&
                                                              ^
../node_modules/nan/nan.h:242:27: note: in expansion of macro ‘_NAN_METHOD_ARGS_TYPE’
 # define _NAN_METHOD_ARGS _NAN_METHOD_ARGS_TYPE args
                           ^
../node_modules/nan/nan.h:1390:55: note: in expansion of macro ‘_NAN_METHOD_ARGS’
 #define NAN_METHOD(name) _NAN_METHOD_RETURN_TYPE name(_NAN_METHOD_ARGS)
                                                       ^
../ext/bson.h:65:9: note: in expansion of macro ‘NAN_METHOD’
  static NAN_METHOD(SerializeWithBufferAndIndex);
         ^
../node_modules/nan/nan.h:241:38: error: ‘FunctionCallbackInfo’ in namespace ‘v8’ does not name a type
 # define _NAN_METHOD_ARGS_TYPE const v8::FunctionCallbackInfo<v8::Value>&
                                      ^
../node_modules/nan/nan.h:242:27: note: in expansion of macro ‘_NAN_METHOD_ARGS_TYPE’
 # define _NAN_METHOD_ARGS _NAN_METHOD_ARGS_TYPE args
                           ^
../node_modules/nan/nan.h:1390:55: note: in expansion of macro ‘_NAN_METHOD_ARGS’
 #define NAN_METHOD(name) _NAN_METHOD_RETURN_TYPE name(_NAN_METHOD_ARGS)
                                                       ^
../ext/bson.h:71:9: note: in expansion of macro ‘NAN_METHOD’
  static NAN_METHOD(New);
         ^
../node_modules/nan/nan.h:241:42: error: ISO C++ forbids declaration of ‘parameter’ with no type [-fpermissive]
 # define _NAN_METHOD_ARGS_TYPE const v8::FunctionCallbackInfo<v8::Value>&
                                          ^
../node_modules/nan/nan.h:242:27: note: in expansion of macro ‘_NAN_METHOD_ARGS_TYPE’
 # define _NAN_METHOD_ARGS _NAN_METHOD_ARGS_TYPE args
                           ^
../node_modules/nan/nan.h:1390:55: note: in expansion of macro ‘_NAN_METHOD_ARGS’
 #define NAN_METHOD(name) _NAN_METHOD_RETURN_TYPE name(_NAN_METHOD_ARGS)
                                                       ^
../ext/bson.h:71:9: note: in expansion of macro ‘NAN_METHOD’
  static NAN_METHOD(New);
         ^
../node_modules/nan/nan.h:241:62: error: expected ‘,’ or ‘...’ before ‘<’ token
 # define _NAN_METHOD_ARGS_TYPE const v8::FunctionCallbackInfo<v8::Value>&
                                                              ^
../node_modules/nan/nan.h:242:27: note: in expansion of macro ‘_NAN_METHOD_ARGS_TYPE’
 # define _NAN_METHOD_ARGS _NAN_METHOD_ARGS_TYPE args
                           ^
../node_modules/nan/nan.h:1390:55: note: in expansion of macro ‘_NAN_METHOD_ARGS’
 #define NAN_METHOD(name) _NAN_METHOD_RETURN_TYPE name(_NAN_METHOD_ARGS)
                                                       ^
../ext/bson.h:71:9: note: in expansion of macro ‘NAN_METHOD’
  static NAN_METHOD(New);
         ^
../ext/bson.cc: In static member function ‘static void BSON::Initialize(v8::Handle<v8::Object>)’:
../ext/bson.cc:644:73: error: no matching function for call to ‘SetPrototypeMethod(v8::Local<v8::FunctionTemplate>&, const char [20], void (&)(int))’
  NODE_SET_PROTOTYPE_METHOD(t, "calculateObjectSize", CalculateObjectSize);
                                                                         ^
../ext/bson.cc:644:73: note: candidate is:
In file included from ../ext/bson.cc:22:0:
/home/cp/.node-gyp/0.11.2/src/node.h:122:6: note: template<class target_t> void node::SetPrototypeMethod(target_t, const char*, v8::InvocationCallback)
 void SetPrototypeMethod(target_t target,
      ^
/home/cp/.node-gyp/0.11.2/src/node.h:122:6: note:   template argument deduction/substitution failed:
../ext/bson.cc:644:73: note:   cannot convert ‘BSON::CalculateObjectSize’ (type ‘void(int)’) to type ‘v8::InvocationCallback {aka v8::Handle<v8::Value> (*)(const v8::Arguments&)}’
  NODE_SET_PROTOTYPE_METHOD(t, "calculateObjectSize", CalculateObjectSize);
                                                                         ^
../ext/bson.cc:645:57: error: no matching function for call to ‘SetPrototypeMethod(v8::Local<v8::FunctionTemplate>&, const char [10], void (&)(int))’
  NODE_SET_PROTOTYPE_METHOD(t, "serialize", BSONSerialize);
                                                         ^
../ext/bson.cc:645:57: note: candidate is:
In file included from ../ext/bson.cc:22:0:
/home/cp/.node-gyp/0.11.2/src/node.h:122:6: note: template<class target_t> void node::SetPrototypeMethod(target_t, const char*, v8::InvocationCallback)
 void SetPrototypeMethod(target_t target,
      ^
/home/cp/.node-gyp/0.11.2/src/node.h:122:6: note:   template argument deduction/substitution failed:
../ext/bson.cc:645:57: note:   cannot convert ‘BSON::BSONSerialize’ (type ‘void(int)’) to type ‘v8::InvocationCallback {aka v8::Handle<v8::Value> (*)(const v8::Arguments&)}’
  NODE_SET_PROTOTYPE_METHOD(t, "serialize", BSONSerialize);
                                                         ^
../ext/bson.cc:646:89: error: no matching function for call to ‘SetPrototypeMethod(v8::Local<v8::FunctionTemplate>&, const char [28], void (&)(int))’
  NODE_SET_PROTOTYPE_METHOD(t, "serializeWithBufferAndIndex", SerializeWithBufferAndIndex);
                                                                                         ^
../ext/bson.cc:646:89: note: candidate is:
In file included from ../ext/bson.cc:22:0:
/home/cp/.node-gyp/0.11.2/src/node.h:122:6: note: template<class target_t> void node::SetPrototypeMethod(target_t, const char*, v8::InvocationCallback)
 void SetPrototypeMethod(target_t target,
      ^
/home/cp/.node-gyp/0.11.2/src/node.h:122:6: note:   template argument deduction/substitution failed:
../ext/bson.cc:646:89: note:   cannot convert ‘BSON::SerializeWithBufferAndIndex’ (type ‘void(int)’) to type ‘v8::InvocationCallback {aka v8::Handle<v8::Value> (*)(const v8::Arguments&)}’
  NODE_SET_PROTOTYPE_METHOD(t, "serializeWithBufferAndIndex", SerializeWithBufferAndIndex);
                                                                                         ^
../ext/bson.cc:647:61: error: no matching function for call to ‘SetPrototypeMethod(v8::Local<v8::FunctionTemplate>&, const char [12], void (&)(int))’
  NODE_SET_PROTOTYPE_METHOD(t, "deserialize", BSONDeserialize);
                                                             ^
../ext/bson.cc:647:61: note: candidate is:
In file included from ../ext/bson.cc:22:0:
/home/cp/.node-gyp/0.11.2/src/node.h:122:6: note: template<class target_t> void node::SetPrototypeMethod(target_t, const char*, v8::InvocationCallback)
 void SetPrototypeMethod(target_t target,
      ^
/home/cp/.node-gyp/0.11.2/src/node.h:122:6: note:   template argument deduction/substitution failed:
../ext/bson.cc:647:61: note:   cannot convert ‘BSON::BSONDeserialize’ (type ‘void(int)’) to type ‘v8::InvocationCallback {aka v8::Handle<v8::Value> (*)(const v8::Arguments&)}’
  NODE_SET_PROTOTYPE_METHOD(t, "deserialize", BSONDeserialize);
                                                             ^
../ext/bson.cc:648:73: error: no matching function for call to ‘SetPrototypeMethod(v8::Local<v8::FunctionTemplate>&, const char [18], void (&)(int))’
  NODE_SET_PROTOTYPE_METHOD(t, "deserializeStream", BSONDeserializeStream);
                                                                         ^
../ext/bson.cc:648:73: note: candidate is:
In file included from ../ext/bson.cc:22:0:
/home/cp/.node-gyp/0.11.2/src/node.h:122:6: note: template<class target_t> void node::SetPrototypeMethod(target_t, const char*, v8::InvocationCallback)
 void SetPrototypeMethod(target_t target,
      ^
/home/cp/.node-gyp/0.11.2/src/node.h:122:6: note:   template argument deduction/substitution failed:
../ext/bson.cc:648:73: note:   cannot convert ‘BSON::BSONDeserializeStream’ (type ‘void(int)’) to type ‘v8::InvocationCallback {aka v8::Handle<v8::Value> (*)(const v8::Arguments&)}’
  NODE_SET_PROTOTYPE_METHOD(t, "deserializeStream", BSONDeserializeStream);
                                                                         ^
In file included from ../ext/bson.h:17:0,
                 from ../ext/bson.cc:35:
../ext/bson.cc: At global scope:
../node_modules/nan/nan.h:241:38: error: ‘FunctionCallbackInfo’ in namespace ‘v8’ does not name a type
 # define _NAN_METHOD_ARGS_TYPE const v8::FunctionCallbackInfo<v8::Value>&
                                      ^
../node_modules/nan/nan.h:242:27: note: in expansion of macro ‘_NAN_METHOD_ARGS_TYPE’
 # define _NAN_METHOD_ARGS _NAN_METHOD_ARGS_TYPE args
                           ^
../node_modules/nan/nan.h:1390:55: note: in expansion of macro ‘_NAN_METHOD_ARGS’
 #define NAN_METHOD(name) _NAN_METHOD_RETURN_TYPE name(_NAN_METHOD_ARGS)
                                                       ^
../ext/bson.cc:656:1: note: in expansion of macro ‘NAN_METHOD’
 NAN_METHOD(BSON::New)
 ^
../node_modules/nan/nan.h:241:42: error: ISO C++ forbids declaration of ‘parameter’ with no type [-fpermissive]
 # define _NAN_METHOD_ARGS_TYPE const v8::FunctionCallbackInfo<v8::Value>&
                                          ^
../node_modules/nan/nan.h:242:27: note: in expansion of macro ‘_NAN_METHOD_ARGS_TYPE’
 # define _NAN_METHOD_ARGS _NAN_METHOD_ARGS_TYPE args
                           ^
../node_modules/nan/nan.h:1390:55: note: in expansion of macro ‘_NAN_METHOD_ARGS’
 #define NAN_METHOD(name) _NAN_METHOD_RETURN_TYPE name(_NAN_METHOD_ARGS)
                                                       ^
../ext/bson.cc:656:1: note: in expansion of macro ‘NAN_METHOD’
 NAN_METHOD(BSON::New)
 ^
../node_modules/nan/nan.h:241:62: error: expected ‘,’ or ‘...’ before ‘<’ token
 # define _NAN_METHOD_ARGS_TYPE const v8::FunctionCallbackInfo<v8::Value>&
                                                              ^
../node_modules/nan/nan.h:242:27: note: in expansion of macro ‘_NAN_METHOD_ARGS_TYPE’
 # define _NAN_METHOD_ARGS _NAN_METHOD_ARGS_TYPE args
                           ^
../node_modules/nan/nan.h:1390:55: note: in expansion of macro ‘_NAN_METHOD_ARGS’
 #define NAN_METHOD(name) _NAN_METHOD_RETURN_TYPE name(_NAN_METHOD_ARGS)
                                                       ^
../ext/bson.cc:656:1: note: in expansion of macro ‘NAN_METHOD’
 NAN_METHOD(BSON::New)
 ^
../ext/bson.cc: In static member function ‘static void BSON::New(int)’:
../ext/bson.cc:661:5: error: ‘args’ was not declared in this scope
  if(args.Length() == 1 && args[0]->IsArray())
     ^
In file included from ../ext/bson.h:17:0,
                 from ../ext/bson.cc:35:
../node_modules/nan/nan.h:687:70: error: return-statement with a value, in function returning 'void' [-fpermissive]
 # define NanReturnValue(value) return args.GetReturnValue().Set(value)
                                                                      ^
../ext/bson.cc:719:5: note: in expansion of macro ‘NanReturnValue’
     NanReturnValue(args.This());
     ^
../ext/bson.cc: At global scope:
../node_modules/nan/nan.h:241:38: error: ‘FunctionCallbackInfo’ in namespace ‘v8’ does not name a type
 # define _NAN_METHOD_ARGS_TYPE const v8::FunctionCallbackInfo<v8::Value>&
                                      ^
../node_modules/nan/nan.h:242:27: note: in expansion of macro ‘_NAN_METHOD_ARGS_TYPE’
 # define _NAN_METHOD_ARGS _NAN_METHOD_ARGS_TYPE args
                           ^
../node_modules/nan/nan.h:1390:55: note: in expansion of macro ‘_NAN_METHOD_ARGS’
 #define NAN_METHOD(name) _NAN_METHOD_RETURN_TYPE name(_NAN_METHOD_ARGS)
                                                       ^
../ext/bson.cc:738:1: note: in expansion of macro ‘NAN_METHOD’
 NAN_METHOD(BSON::BSONDeserialize)
 ^
../node_modules/nan/nan.h:241:42: error: ISO C++ forbids declaration of ‘parameter’ with no type [-fpermissive]
 # define _NAN_METHOD_ARGS_TYPE const v8::FunctionCallbackInfo<v8::Value>&
                                          ^
../node_modules/nan/nan.h:242:27: note: in expansion of macro ‘_NAN_METHOD_ARGS_TYPE’
 # define _NAN_METHOD_ARGS _NAN_METHOD_ARGS_TYPE args
                           ^
../node_modules/nan/nan.h:1390:55: note: in expansion of macro ‘_NAN_METHOD_ARGS’
 #define NAN_METHOD(name) _NAN_METHOD_RETURN_TYPE name(_NAN_METHOD_ARGS)
                                                       ^
../ext/bson.cc:738:1: note: in expansion of macro ‘NAN_METHOD’
 NAN_METHOD(BSON::BSONDeserialize)
 ^
../node_modules/nan/nan.h:241:62: error: expected ‘,’ or ‘...’ before ‘<’ token
 # define _NAN_METHOD_ARGS_TYPE const v8::FunctionCallbackInfo<v8::Value>&
                                                              ^
../node_modules/nan/nan.h:242:27: note: in expansion of macro ‘_NAN_METHOD_ARGS_TYPE’
 # define _NAN_METHOD_ARGS _NAN_METHOD_ARGS_TYPE args
                           ^
../node_modules/nan/nan.h:1390:55: note: in expansion of macro ‘_NAN_METHOD_ARGS’
 #define NAN_METHOD(name) _NAN_METHOD_RETURN_TYPE name(_NAN_METHOD_ARGS)
                                                       ^
../ext/bson.cc:738:1: note: in expansion of macro ‘NAN_METHOD’
 NAN_METHOD(BSON::BSONDeserialize)
 ^
../ext/bson.cc: In static member function ‘static void BSON::BSONDeserialize(int)’:
../ext/bson.cc:743:5: error: ‘args’ was not declared in this scope
  if(args.Length() > 1 && !args[0]->IsString() && !Buffer::HasInstance(args[0]))
     ^
../ext/bson.cc:750:5: error: ‘args’ was not declared in this scope
  if(args.Length() == 2 && args[1]->IsObject()) {
     ^
../ext/bson.cc:759:22: error: ‘args’ was not declared in this scope
  Local<Object> obj = args[0]->ToObject();
                      ^
In file included from ../ext/bson.h:17:0,
                 from ../ext/bson.cc:35:
../node_modules/nan/nan.h:687:70: error: return-statement with a value, in function returning 'void' [-fpermissive]
 # define NanReturnValue(value) return args.GetReturnValue().Set(value)
                                                                      ^
../ext/bson.cc:783:4: note: in expansion of macro ‘NanReturnValue’
    NanReturnValue(deserializer.DeserializeDocument(promoteLongs));
    ^
../node_modules/nan/nan.h:687:70: error: return-statement with a value, in function returning 'void' [-fpermissive]
 # define NanReturnValue(value) return args.GetReturnValue().Set(value)
                                                                      ^
../ext/bson.cc:811:4: note: in expansion of macro ‘NanReturnValue’
    NanReturnValue(result);
    ^
../ext/bson.cc: At global scope:
../node_modules/nan/nan.h:241:38: error: ‘FunctionCallbackInfo’ in namespace ‘v8’ does not name a type
 # define _NAN_METHOD_ARGS_TYPE const v8::FunctionCallbackInfo<v8::Value>&
                                      ^
../node_modules/nan/nan.h:242:27: note: in expansion of macro ‘_NAN_METHOD_ARGS_TYPE’
 # define _NAN_METHOD_ARGS _NAN_METHOD_ARGS_TYPE args
                           ^
../node_modules/nan/nan.h:1390:55: note: in expansion of macro ‘_NAN_METHOD_ARGS’
 #define NAN_METHOD(name) _NAN_METHOD_RETURN_TYPE name(_NAN_METHOD_ARGS)
                                                       ^
../ext/bson.cc:842:1: note: in expansion of macro ‘NAN_METHOD’
 NAN_METHOD(BSON::BSONSerialize)
 ^
../node_modules/nan/nan.h:241:42: error: ISO C++ forbids declaration of ‘parameter’ with no type [-fpermissive]
 # define _NAN_METHOD_ARGS_TYPE const v8::FunctionCallbackInfo<v8::Value>&
                                          ^
../node_modules/nan/nan.h:242:27: note: in expansion of macro ‘_NAN_METHOD_ARGS_TYPE’
 # define _NAN_METHOD_ARGS _NAN_METHOD_ARGS_TYPE args
                           ^
../node_modules/nan/nan.h:1390:55: note: in expansion of macro ‘_NAN_METHOD_ARGS’
 #define NAN_METHOD(name) _NAN_METHOD_RETURN_TYPE name(_NAN_METHOD_ARGS)
                                                       ^
../ext/bson.cc:842:1: note: in expansion of macro ‘NAN_METHOD’
 NAN_METHOD(BSON::BSONSerialize)
 ^
../node_modules/nan/nan.h:241:62: error: expected ‘,’ or ‘...’ before ‘<’ token
 # define _NAN_METHOD_ARGS_TYPE const v8::FunctionCallbackInfo<v8::Value>&
                                                              ^
../node_modules/nan/nan.h:242:27: note: in expansion of macro ‘_NAN_METHOD_ARGS_TYPE’
 # define _NAN_METHOD_ARGS _NAN_METHOD_ARGS_TYPE args
                           ^
../node_modules/nan/nan.h:1390:55: note: in expansion of macro ‘_NAN_METHOD_ARGS’
 #define NAN_METHOD(name) _NAN_METHOD_RETURN_TYPE name(_NAN_METHOD_ARGS)
                                                       ^
../ext/bson.cc:842:1: note: in expansion of macro ‘NAN_METHOD’
 NAN_METHOD(BSON::BSONSerialize)
 ^
../ext/bson.cc: In static member function ‘static void BSON::BSONSerialize(int)’:
../ext/bson.cc:846:5: error: ‘args’ was not declared in this scope
  if(args.Length() == 1 && !args[0]->IsObject()) return NanThrowError("One, two or tree arguments required - [object] or [object, boolean] or [object, boolean, boolean]");
     ^
../ext/bson.cc:847:5: error: ‘args’ was not declared in this scope
  if(args.Length() == 2 && !args[0]->IsObject() && !args[1]->IsBoolean()) return NanThrowError("One, two or tree arguments required - [object] or [object, boolean] or [object, boolean, boolean]");
     ^
../ext/bson.cc:848:5: error: ‘args’ was not declared in this scope
  if(args.Length() == 3 && !args[0]->IsObject() && !args[1]->IsBoolean() && !args[2]->IsBoolean()) return NanThrowError("One, two or tree arguments required - [object] or [object, boolean] or [object, boolean, boolean]");
     ^
../ext/bson.cc:849:5: error: ‘args’ was not declared in this scope
  if(args.Length() == 4 && !args[0]->IsObject() && !args[1]->IsBoolean() && !args[2]->IsBoolean() && !args[3]->IsBoolean()) return NanThrowError("One, two or tree arguments required - [object] or [object, boolean] or [object, boolean, boolean] or [object, boolean, boolean, boolean]");
     ^
../ext/bson.cc:850:5: error: ‘args’ was not declared in this scope
  if(args.Length() > 4) return NanThrowError("One, two, tree or four arguments required - [object] or [object, boolean] or [object, boolean, boolean] or [object, boolean, boolean, boolean]");
     ^
../ext/bson.cc:853:5: error: ‘args’ was not declared in this scope
  if(args[0]->IsArray()) return NanThrowError("Only javascript objects supported");
     ^
../ext/bson.cc:856:40: error: ‘args’ was not declared in this scope
  BSON *bson = ObjectWrap::Unwrap<BSON>(args.This());
                                        ^
In file included from ../ext/bson.h:17:0,
                 from ../ext/bson.cc:35:
../node_modules/nan/nan.h:687:70: error: return-statement with a value, in function returning 'void' [-fpermissive]
 # define NanReturnValue(value) return args.GetReturnValue().Set(value)
                                                                      ^
../ext/bson.cc:893:3: note: in expansion of macro ‘NanReturnValue’
   NanReturnValue(buffer);
   ^
../node_modules/nan/nan.h:687:70: error: return-statement with a value, in function returning 'void' [-fpermissive]
 # define NanReturnValue(value) return args.GetReturnValue().Set(value)
                                                                      ^
../ext/bson.cc:899:3: note: in expansion of macro ‘NanReturnValue’
   NanReturnValue(bin_value);
   ^
../ext/bson.cc: At global scope:
../node_modules/nan/nan.h:241:38: error: ‘FunctionCallbackInfo’ in namespace ‘v8’ does not name a type
 # define _NAN_METHOD_ARGS_TYPE const v8::FunctionCallbackInfo<v8::Value>&
                                      ^
../node_modules/nan/nan.h:242:27: note: in expansion of macro ‘_NAN_METHOD_ARGS_TYPE’
 # define _NAN_METHOD_ARGS _NAN_METHOD_ARGS_TYPE args
                           ^
../node_modules/nan/nan.h:1390:55: note: in expansion of macro ‘_NAN_METHOD_ARGS’
 #define NAN_METHOD(name) _NAN_METHOD_RETURN_TYPE name(_NAN_METHOD_ARGS)
                                                       ^
../ext/bson.cc:903:1: note: in expansion of macro ‘NAN_METHOD’
 NAN_METHOD(BSON::CalculateObjectSize)
 ^
../node_modules/nan/nan.h:241:42: error: ISO C++ forbids declaration of ‘parameter’ with no type [-fpermissive]
 # define _NAN_METHOD_ARGS_TYPE const v8::FunctionCallbackInfo<v8::Value>&
                                          ^
../node_modules/nan/nan.h:242:27: note: in expansion of macro ‘_NAN_METHOD_ARGS_TYPE’
 # define _NAN_METHOD_ARGS _NAN_METHOD_ARGS_TYPE args
                           ^
../node_modules/nan/nan.h:1390:55: note: in expansion of macro ‘_NAN_METHOD_ARGS’
 #define NAN_METHOD(name) _NAN_METHOD_RETURN_TYPE name(_NAN_METHOD_ARGS)
                                                       ^
../ext/bson.cc:903:1: note: in expansion of macro ‘NAN_METHOD’
 NAN_METHOD(BSON::CalculateObjectSize)
 ^
../node_modules/nan/nan.h:241:62: error: expected ‘,’ or ‘...’ before ‘<’ token
 # define _NAN_METHOD_ARGS_TYPE const v8::FunctionCallbackInfo<v8::Value>&
                                                              ^
../node_modules/nan/nan.h:242:27: note: in expansion of macro ‘_NAN_METHOD_ARGS_TYPE’
 # define _NAN_METHOD_ARGS _NAN_METHOD_ARGS_TYPE args
                           ^
../node_modules/nan/nan.h:1390:55: note: in expansion of macro ‘_NAN_METHOD_ARGS’
 #define NAN_METHOD(name) _NAN_METHOD_RETURN_TYPE name(_NAN_METHOD_ARGS)
                                                       ^
../ext/bson.cc:903:1: note: in expansion of macro ‘NAN_METHOD’
 NAN_METHOD(BSON::CalculateObjectSize)
 ^
../ext/bson.cc: In static member function ‘static void BSON::CalculateObjectSize(int)’:
../ext/bson.cc:907:5: error: ‘args’ was not declared in this scope
  if(args.Length() == 1 && !args[0]->IsObject()) return NanThrowError("One argument required - [object]");
     ^
../ext/bson.cc:908:5: error: ‘args’ was not declared in this scope
  if(args.Length() == 2 && !args[0]->IsObject() && !args[1]->IsBoolean())  return NanThrowError("Two arguments required - [object, boolean]");
     ^
../ext/bson.cc:909:5: error: ‘args’ was not declared in this scope
  if(args.Length() > 3) return NanThrowError("One or two arguments required - [object] or [object, boolean]");
     ^
../ext/bson.cc:912:40: error: ‘args’ was not declared in this scope
  BSON *bson = ObjectWrap::Unwrap<BSON>(args.This());
                                        ^
In file included from ../ext/bson.h:17:0,
                 from ../ext/bson.cc:35:
../node_modules/nan/nan.h:687:70: error: return-statement with a value, in function returning 'void' [-fpermissive]
 # define NanReturnValue(value) return args.GetReturnValue().Set(value)
                                                                      ^
../ext/bson.cc:918:2: note: in expansion of macro ‘NanReturnValue’
  NanReturnValue(NanNew<Uint32>((uint32_t) countSerializer.GetSerializeSize()));
  ^
../ext/bson.cc: At global scope:
../node_modules/nan/nan.h:241:38: error: ‘FunctionCallbackInfo’ in namespace ‘v8’ does not name a type
 # define _NAN_METHOD_ARGS_TYPE const v8::FunctionCallbackInfo<v8::Value>&
                                      ^
../node_modules/nan/nan.h:242:27: note: in expansion of macro ‘_NAN_METHOD_ARGS_TYPE’
 # define _NAN_METHOD_ARGS _NAN_METHOD_ARGS_TYPE args
                           ^
../node_modules/nan/nan.h:1390:55: note: in expansion of macro ‘_NAN_METHOD_ARGS’
 #define NAN_METHOD(name) _NAN_METHOD_RETURN_TYPE name(_NAN_METHOD_ARGS)
                                                       ^
../ext/bson.cc:921:1: note: in expansion of macro ‘NAN_METHOD’
 NAN_METHOD(BSON::SerializeWithBufferAndIndex)
 ^
../node_modules/nan/nan.h:241:42: error: ISO C++ forbids declaration of ‘parameter’ with no type [-fpermissive]
 # define _NAN_METHOD_ARGS_TYPE const v8::FunctionCallbackInfo<v8::Value>&
                                          ^
../node_modules/nan/nan.h:242:27: note: in expansion of macro ‘_NAN_METHOD_ARGS_TYPE’
 # define _NAN_METHOD_ARGS _NAN_METHOD_ARGS_TYPE args
                           ^
../node_modules/nan/nan.h:1390:55: note: in expansion of macro ‘_NAN_METHOD_ARGS’
 #define NAN_METHOD(name) _NAN_METHOD_RETURN_TYPE name(_NAN_METHOD_ARGS)
                                                       ^
../ext/bson.cc:921:1: note: in expansion of macro ‘NAN_METHOD’
 NAN_METHOD(BSON::SerializeWithBufferAndIndex)
 ^
../node_modules/nan/nan.h:241:62: error: expected ‘,’ or ‘...’ before ‘<’ token
 # define _NAN_METHOD_ARGS_TYPE const v8::FunctionCallbackInfo<v8::Value>&
                                                              ^
../node_modules/nan/nan.h:242:27: note: in expansion of macro ‘_NAN_METHOD_ARGS_TYPE’
 # define _NAN_METHOD_ARGS _NAN_METHOD_ARGS_TYPE args
                           ^
../node_modules/nan/nan.h:1390:55: note: in expansion of macro ‘_NAN_METHOD_ARGS’
 #define NAN_METHOD(name) _NAN_METHOD_RETURN_TYPE name(_NAN_METHOD_ARGS)
                                                       ^
../ext/bson.cc:921:1: note: in expansion of macro ‘NAN_METHOD’
 NAN_METHOD(BSON::SerializeWithBufferAndIndex)
 ^
../ext/bson.cc: In static member function ‘static void BSON::SerializeWithBufferAndIndex(int)’:
../ext/bson.cc:927:5: error: ‘args’ was not declared in this scope
  if(args.Length() > 5) return NanThrowError("Four or five parameters required [object, boolean, Buffer, int] or [object, boolean, Buffer, int, boolean]");
     ^
../ext/bson.cc:928:5: error: ‘args’ was not declared in this scope
  if(args.Length() == 4 && !args[0]->IsObject() && !args[1]->IsBoolean() && !Buffer::HasInstance(args[2]) && !args[3]->IsUint32()) return NanThrowError("Four parameters required [object, boolean, Buffer, int]");
     ^
../ext/bson.cc:929:5: error: ‘args’ was not declared in this scope
  if(args.Length() == 5 && !args[0]->IsObject() && !args[1]->IsBoolean() && !Buffer::HasInstance(args[2]) && !args[3]->IsUint32() && !args[4]->IsBoolean()) return NanThrowError("Four parameters required [object, boolean, Buffer, int, boolean]");
     ^
../ext/bson.cc:936:41: error: ‘args’ was not declared in this scope
   BSON *bson = ObjectWrap::Unwrap<BSON>(args.This());
                                         ^
In file included from ../ext/bson.h:17:0,
                 from ../ext/bson.cc:35:
../node_modules/nan/nan.h:687:39: error: ‘args’ was not declared in this scope
 # define NanReturnValue(value) return args.GetReturnValue().Set(value)
                                       ^
../ext/bson.cc:959:2: note: in expansion of macro ‘NanReturnValue’
  NanReturnValue(NanNew<Uint32>((uint32_t) (index + object_size - 1)));
  ^
../node_modules/nan/nan.h:687:70: error: return-statement with a value, in function returning 'void' [-fpermissive]
 # define NanReturnValue(value) return args.GetReturnValue().Set(value)
                                                                      ^
../ext/bson.cc:959:2: note: in expansion of macro ‘NanReturnValue’
  NanReturnValue(NanNew<Uint32>((uint32_t) (index + object_size - 1)));
  ^
../ext/bson.cc: At global scope:
../node_modules/nan/nan.h:241:38: error: ‘FunctionCallbackInfo’ in namespace ‘v8’ does not name a type
 # define _NAN_METHOD_ARGS_TYPE const v8::FunctionCallbackInfo<v8::Value>&
                                      ^
../node_modules/nan/nan.h:242:27: note: in expansion of macro ‘_NAN_METHOD_ARGS_TYPE’
 # define _NAN_METHOD_ARGS _NAN_METHOD_ARGS_TYPE args
                           ^
../node_modules/nan/nan.h:1390:55: note: in expansion of macro ‘_NAN_METHOD_ARGS’
 #define NAN_METHOD(name) _NAN_METHOD_RETURN_TYPE name(_NAN_METHOD_ARGS)
                                                       ^
../ext/bson.cc:962:1: note: in expansion of macro ‘NAN_METHOD’
 NAN_METHOD(BSON::BSONDeserializeStream)
 ^
../node_modules/nan/nan.h:241:42: error: ISO C++ forbids declaration of ‘parameter’ with no type [-fpermissive]
 # define _NAN_METHOD_ARGS_TYPE const v8::FunctionCallbackInfo<v8::Value>&
                                          ^
../node_modules/nan/nan.h:242:27: note: in expansion of macro ‘_NAN_METHOD_ARGS_TYPE’
 # define _NAN_METHOD_ARGS _NAN_METHOD_ARGS_TYPE args
                           ^
../node_modules/nan/nan.h:1390:55: note: in expansion of macro ‘_NAN_METHOD_ARGS’
 #define NAN_METHOD(name) _NAN_METHOD_RETURN_TYPE name(_NAN_METHOD_ARGS)
                                                       ^
../ext/bson.cc:962:1: note: in expansion of macro ‘NAN_METHOD’
 NAN_METHOD(BSON::BSONDeserializeStream)
 ^
../node_modules/nan/nan.h:241:62: error: expected ‘,’ or ‘...’ before ‘<’ token
 # define _NAN_METHOD_ARGS_TYPE const v8::FunctionCallbackInfo<v8::Value>&
                                                              ^
../node_modules/nan/nan.h:242:27: note: in expansion of macro ‘_NAN_METHOD_ARGS_TYPE’
 # define _NAN_METHOD_ARGS _NAN_METHOD_ARGS_TYPE args
                           ^
../node_modules/nan/nan.h:1390:55: note: in expansion of macro ‘_NAN_METHOD_ARGS’
 #define NAN_METHOD(name) _NAN_METHOD_RETURN_TYPE name(_NAN_METHOD_ARGS)
                                                       ^
../ext/bson.cc:962:1: note: in expansion of macro ‘NAN_METHOD’
 NAN_METHOD(BSON::BSONDeserializeStream)
 ^
../ext/bson.cc: In static member function ‘static void BSON::BSONDeserializeStream(int)’:
../ext/bson.cc:967:5: error: ‘args’ was not declared in this scope
  if(args.Length() < 5) return NanThrowError("Arguments required (Buffer(data), Number(index in data), Number(number of documents to deserialize), Array(results), Number(index in the array), Object(optional))");
     ^
../ext/bson.cc:970:5: error: ‘args’ was not declared in this scope
  if(args.Length() >= 5)
     ^
../ext/bson.cc:980:5: error: ‘args’ was not declared in this scope
  if(args.Length() == 6 && !args[5]->IsObject()) return NanThrowError("Fifth argument must be an object with options");
     ^
../ext/bson.cc:983:22: error: ‘args’ was not declared in this scope
  Local<Object> obj = args[0]->ToObject();
                      ^
In file included from ../ext/bson.h:17:0,
                 from ../ext/bson.cc:35:
../node_modules/nan/nan.h:687:70: error: return-statement with a value, in function returning 'void' [-fpermissive]
 # define NanReturnValue(value) return args.GetReturnValue().Set(value)
                                                                      ^
../ext/bson.cc:1031:2: note: in expansion of macro ‘NanReturnValue’
  NanReturnValue(NanNew<Uint32>((uint32_t) (index + deserializer.GetSerializeSize())));
  ^
../node_modules/nan/nan.h: In instantiation of ‘v8::Local<T> NanNew(P) [with T = v8::Integer; P = int]’:
../node_modules/nan/nan.h:731:64:   required from here
../node_modules/nan/nan.h:329:36: error: invalid conversion from ‘v8::Isolate*’ to ‘int32_t {aka int}’ [-fpermissive]
     return T::New(nan_isolate, arg1);
                                    ^
In file included from ../ext/bson.cc:14:0:
/home/cp/.node-gyp/0.11.2/deps/v8/include/v8.h:1870:25: error:   initializing argument 1 of ‘static v8::Local<v8::Integer> v8::Integer::New(int32_t, v8::Isolate*)’ [-fpermissive]
   static Local<Integer> New(int32_t value, Isolate*);
                         ^
In file included from ../ext/bson.h:17:0,
                 from ../ext/bson.cc:35:
../node_modules/nan/nan.h:329:36: error: invalid conversion from ‘int’ to ‘v8::Isolate*’ [-fpermissive]
     return T::New(nan_isolate, arg1);
                                    ^
In file included from ../ext/bson.cc:14:0:
/home/cp/.node-gyp/0.11.2/deps/v8/include/v8.h:1870:25: error:   initializing argument 2 of ‘static v8::Local<v8::Integer> v8::Integer::New(int32_t, v8::Isolate*)’ [-fpermissive]
   static Local<Integer> New(int32_t value, Isolate*);
                         ^
In file included from ../ext/bson.h:17:0,
                 from ../ext/bson.cc:35:
../node_modules/nan/nan.h: In instantiation of ‘v8::Local<T> NanNew() [with T = v8::Object]’:
../node_modules/nan/nan.h:1439:52:   required from here
../node_modules/nan/nan.h:324:30: error: no matching function for call to ‘v8::Object::New(v8::Isolate*&)’
     return T::New(nan_isolate);
                              ^
../node_modules/nan/nan.h:324:30: note: candidate is:
In file included from ../ext/bson.cc:14:0:
/home/cp/.node-gyp/0.11.2/deps/v8/include/v8.h:2211:24: note: static v8::Local<v8::Object> v8::Object::New()
   static Local<Object> New();
                        ^
/home/cp/.node-gyp/0.11.2/deps/v8/include/v8.h:2211:24: note:   candidate expects 0 arguments, 1 provided
In file included from ../ext/bson.h:17:0,
                 from ../ext/bson.cc:35:
../node_modules/nan/nan.h: In instantiation of ‘void NanDisposePersistent(v8::Persistent<T>&) [with T = v8::Object]’:
../node_modules/nan/nan.h:1452:32:   required from here
../node_modules/nan/nan.h:761:5: error: no matching function for call to ‘v8::Persistent<v8::Object>::Reset()’
     handle.Reset();
     ^
../node_modules/nan/nan.h:761:5: note: candidate is:
In file included from ../ext/bson.cc:14:0:
/home/cp/.node-gyp/0.11.2/deps/v8/include/v8.h:5388:6: note: void v8::Persistent<T>::Reset(v8::Isolate*, const v8::Handle<T>&) [with T = v8::Object]
 void Persistent<T>::Reset(Isolate* isolate, const Handle<T>& other) {
      ^
/home/cp/.node-gyp/0.11.2/deps/v8/include/v8.h:5388:6: note:   candidate expects 2 arguments, 0 provided
In file included from ../ext/bson.h:17:0,
                 from ../ext/bson.cc:35:
../node_modules/nan/nan.h: In instantiation of ‘v8::Local<T> NanNew(P) [with T = v8::Number; P = double]’:
../ext/bson.cc:481:37:   required from here
../node_modules/nan/nan.h:329:36: error: no matching function for call to ‘v8::Number::New(v8::Isolate*&, double&)’
     return T::New(nan_isolate, arg1);
                                    ^
../node_modules/nan/nan.h:329:36: note: candidate is:
In file included from ../ext/bson.cc:14:0:
/home/cp/.node-gyp/0.11.2/deps/v8/include/v8.h:1855:24: note: static v8::Local<v8::Number> v8::Number::New(double)
   static Local<Number> New(double value);
                        ^
/home/cp/.node-gyp/0.11.2/deps/v8/include/v8.h:1855:24: note:   candidate expects 1 argument, 2 provided
In file included from ../ext/bson.h:17:0,
                 from ../ext/bson.cc:35:
../node_modules/nan/nan.h: In instantiation of ‘v8::Local<T> NanNew(P) [with T = v8::Number; P = long int]’:
../ext/bson.cc:560:38:   required from here
../node_modules/nan/nan.h:329:36: error: no matching function for call to ‘v8::Number::New(v8::Isolate*&, long int&)’
     return T::New(nan_isolate, arg1);
                                    ^
../node_modules/nan/nan.h:329:36: note: candidate is:
In file included from ../ext/bson.cc:14:0:
/home/cp/.node-gyp/0.11.2/deps/v8/include/v8.h:1855:24: note: static v8::Local<v8::Number> v8::Number::New(double)
   static Local<Number> New(double value);
                        ^
/home/cp/.node-gyp/0.11.2/deps/v8/include/v8.h:1855:24: note:   candidate expects 1 argument, 2 provided
In file included from ../ext/bson.h:17:0,
                 from ../ext/bson.cc:35:
../node_modules/nan/nan.h: In instantiation of ‘v8::Local<T> NanNew(P) [with T = v8::FunctionTemplate; P = void (*)(int)]’:
../ext/bson.cc:639:58:   required from here
../node_modules/nan/nan.h:329:36: error: no matching function for call to ‘v8::FunctionTemplate::New(v8::Isolate*&, void (*&)(int))’
     return T::New(nan_isolate, arg1);
                                    ^
../node_modules/nan/nan.h:329:36: note: candidate is:
In file included from ../ext/bson.cc:14:0:
/home/cp/.node-gyp/0.11.2/deps/v8/include/v8.h:2957:34: note: static v8::Local<v8::FunctionTemplate> v8::FunctionTemplate::New(v8::InvocationCallback, v8::Handle<v8::Value>, v8::Handle<v8::Signature>, int)
   static Local<FunctionTemplate> New(
                                  ^
/home/cp/.node-gyp/0.11.2/deps/v8/include/v8.h:2957:34: note:   no known conversion for argument 1 from ‘v8::Isolate*’ to ‘v8::InvocationCallback {aka v8::Handle<v8::Value> (*)(const v8::Arguments&)}’
In file included from ../ext/bson.h:17:0,
                 from ../ext/bson.cc:35:
../node_modules/nan/nan.h: In function ‘v8::Local<T> NanNew() [with T = v8::Object]’:
../node_modules/nan/nan.h:325:3: warning: control reaches end of non-void function [-Wreturn-type]
   }
   ^
../node_modules/nan/nan.h: In function ‘v8::Local<T> NanNew(P) [with T = v8::Number; P = double]’:
../node_modules/nan/nan.h:330:3: warning: control reaches end of non-void function [-Wreturn-type]
   }
   ^
../node_modules/nan/nan.h: In function ‘v8::Local<v8::Object> NanNewBufferHandle(const char*, uint32_t)’:
../node_modules/nan/nan.h:778:3: warning: control reaches end of non-void function [-Wreturn-type]
   }
   ^
../node_modules/nan/nan.h: In function ‘v8::Local<T> NanNew(P) [with T = v8::Number; P = long int]’:
../node_modules/nan/nan.h:330:3: warning: control reaches end of non-void function [-Wreturn-type]
   }
   ^
../node_modules/nan/nan.h: In function ‘v8::Local<T> NanNew(P) [with T = v8::Date; P = double]’:
../node_modules/nan/nan.h:376:3: warning: control reaches end of non-void function [-Wreturn-type]
   }
   ^
../node_modules/nan/nan.h: In function ‘v8::Local<T> NanNew(P) [with T = v8::FunctionTemplate; P = void (*)(int)]’:
../node_modules/nan/nan.h:330:3: warning: control reaches end of non-void function [-Wreturn-type]
   }
   ^
make: *** [Release/obj.target/bson/ext/bson.o] Error 1
gyp ERR! build error 
gyp ERR! stack Error: `make` failed with exit code: 2
gyp ERR! stack     at ChildProcess.onExit (/usr/local/lib/node_modules/npm/node_modules/node-gyp/lib/build.js:267:23)
gyp ERR! stack     at ChildProcess.EventEmitter.emit (events.js:100:17)
gyp ERR! stack     at Process.ChildProcess._handle.onexit (child_process.js:789:12)
gyp ERR! System Linux 3.13.0-24-generic
gyp ERR! command "node" "/usr/local/lib/node_modules/npm/node_modules/node-gyp/bin/node-gyp.js" "rebuild"
gyp ERR! cwd /home/cp/blog/node_modules/mongodb/node_modules/bson
gyp ERR! node -v v0.11.2
gyp ERR! node-gyp -v v0.9.5
gyp ERR! not ok 
